<?xml version="1.0" encoding="UTF-8"?>
<!-- Generated by org.testng.reporters.JUnitReportReporter -->
<testsuite hostname="DESKTOP-APORDVE" failures="0" tests="1" name="Rahul_Khadtare.Tests.string" time="0.011" errors="0" timestamp="2024-07-19T00:59:08 IST" skipped="0">
  <testcase classname="Rahul_Khadtare.Tests.string" name="verify" time="0.011"/>
</testsuite> <!-- Rahul_Khadtare.Tests.string -->
