<?xml version="1.0" encoding="UTF-8"?>
<!-- Generated by org.testng.reporters.JUnitReportReporter -->
<testsuite hostname="DESKTOP-APORDVE" failures="0" tests="1" name="Rahul_Khadtare.Tests.AddProductToCart" time="34.723" errors="0" timestamp="2024-07-19T12:37:45 IST" skipped="0">
  <testcase classname="Rahul_Khadtare.Tests.AddProductToCart" name="addProductToCart" time="34.723"/>
</testsuite> <!-- Rahul_Khadtare.Tests.AddProductToCart -->
